TN:
SF:models/contact.js
FN:5,(anonymous_0)
FN:7,(anonymous_1)
FNF:2
FNH:2
FNDA:6,(anonymous_0)
FNDA:6,(anonymous_1)
DA:4,6
DA:5,6
DA:10,6
DA:31,6
LF:4
LH:4
BRF:0
BRH:0
end_of_record
TN:
SF:models/index.js
FN:21,(anonymous_0)
FN:29,(anonymous_1)
FN:34,(anonymous_2)
FNF:3
FNH:3
FNDA:18,(anonymous_0)
FNDA:12,(anonymous_1)
FNDA:12,(anonymous_2)
DA:3,6
DA:4,6
DA:5,6
DA:6,6
DA:7,6
DA:8,6
DA:9,6
DA:10,6
DA:13,6
DA:14,0
DA:16,6
DA:19,6
DA:22,18
DA:30,12
DA:31,12
DA:34,6
DA:35,12
DA:36,12
DA:40,6
DA:41,6
DA:44,6
LF:21
LH:20
BRDA:8,0,0,6
BRDA:8,0,1,0
BRDA:13,1,0,0
BRDA:13,1,1,6
BRDA:23,2,0,18
BRDA:23,2,1,18
BRDA:23,2,2,12
BRDA:23,2,3,12
BRDA:35,3,0,12
BRDA:35,3,1,0
BRF:10
BRH:7
end_of_record
TN:
SF:models/user.js
FN:5,(anonymous_0)
FN:7,(anonymous_1)
FNF:2
FNH:2
FNDA:6,(anonymous_0)
FNDA:6,(anonymous_1)
DA:4,6
DA:5,6
DA:10,6
DA:18,6
LF:4
LH:4
BRF:0
BRH:0
end_of_record
TN:
SF:src/auth/auth.js
FN:7,hashPass
FN:50,(anonymous_1)
FN:53,(anonymous_2)
FN:63,(anonymous_3)
FNF:4
FNH:0
FNDA:0,hashPass
FNDA:0,(anonymous_1)
FNDA:0,(anonymous_2)
FNDA:0,(anonymous_3)
DA:2,6
DA:3,6
DA:4,6
DA:5,6
DA:8,0
DA:9,0
DA:10,0
DA:11,0
DA:13,0
DA:14,0
DA:19,6
DA:35,6
DA:50,6
DA:51,0
DA:52,0
DA:53,0
DA:54,0
DA:55,0
DA:57,0
DA:63,6
DA:64,0
DA:65,0
DA:66,0
DA:67,0
DA:68,0
DA:70,0
DA:74,0
LF:27
LH:8
BRDA:54,0,0,0
BRDA:54,0,1,0
BRDA:67,1,0,0
BRDA:67,1,1,0
BRF:4
BRH:0
end_of_record
TN:
SF:src/controllers/contactControllers.js
FN:10,(anonymous_0)
FN:31,(anonymous_1)
FN:48,(anonymous_2)
FN:79,(anonymous_3)
FN:97,(anonymous_4)
FN:131,(anonymous_5)
FN:150,(anonymous_6)
FN:173,(anonymous_7)
FNF:8
FNH:6
FNDA:1,(anonymous_0)
FNDA:1,(anonymous_1)
FNDA:0,(anonymous_2)
FNDA:1,(anonymous_3)
FNDA:0,(anonymous_4)
FNDA:1,(anonymous_5)
FNDA:1,(anonymous_6)
FNDA:1,(anonymous_7)
DA:1,6
DA:2,6
DA:3,6
DA:4,6
DA:5,6
DA:10,6
DA:11,1
DA:12,1
DA:13,1
DA:14,0
DA:18,1
DA:24,0
DA:25,0
DA:31,6
DA:32,1
DA:33,1
DA:34,1
DA:40,0
DA:41,0
DA:48,6
DA:49,0
DA:50,0
DA:53,0
DA:58,0
DA:59,0
DA:62,0
DA:63,0
DA:68,0
DA:69,0
DA:71,0
DA:72,0
DA:79,6
DA:80,1
DA:81,1
DA:82,1
DA:83,1
DA:88,0
DA:89,0
DA:97,6
DA:98,0
DA:99,0
DA:101,0
DA:102,0
DA:104,0
DA:105,0
DA:108,0
DA:109,0
DA:110,0
DA:111,0
DA:112,0
DA:114,0
DA:116,0
DA:118,0
DA:123,0
DA:124,0
DA:131,6
DA:132,1
DA:133,1
DA:135,1
DA:136,0
DA:139,1
DA:144,0
DA:145,0
DA:150,6
DA:151,1
DA:153,1
DA:154,0
DA:157,1
DA:158,1
DA:160,1
DA:161,0
DA:164,1
DA:169,0
DA:170,0
DA:173,6
DA:174,1
DA:176,1
DA:177,0
DA:180,1
DA:181,1
DA:183,1
DA:184,0
DA:187,1
DA:192,0
DA:193,0
DA:197,6
LF:86
LH:41
BRDA:13,0,0,0
BRDA:13,0,1,1
BRDA:58,1,0,0
BRDA:58,1,1,0
BRDA:68,2,0,0
BRDA:68,2,1,0
BRDA:104,3,0,0
BRDA:104,3,1,0
BRDA:109,4,0,0
BRDA:109,4,1,0
BRDA:110,5,0,0
BRDA:110,5,1,0
BRDA:111,6,0,0
BRDA:111,6,1,0
BRDA:112,7,0,0
BRDA:112,7,1,0
BRDA:135,8,0,0
BRDA:135,8,1,1
BRDA:153,9,0,0
BRDA:153,9,1,1
BRDA:153,10,0,1
BRDA:153,10,1,1
BRDA:153,10,2,1
BRDA:160,11,0,0
BRDA:160,11,1,1
BRDA:176,12,0,0
BRDA:176,12,1,1
BRDA:176,13,0,1
BRDA:176,13,1,1
BRDA:176,13,2,1
BRDA:183,14,0,0
BRDA:183,14,1,1
BRF:32
BRH:12
end_of_record
